0 info it worked if it ends with ok
1 verbose cli [ '/usr/local/bin/node', '/usr/local/bin/npm', 'publish' ]
2 info using npm@4.0.5
3 info using node@v7.4.0
4 verbose publish [ '.' ]
5 silly cache add args [ '.', null ]
6 verbose cache add spec .
7 silly cache add parsed spec Result {
7 silly cache add   raw: '.',
7 silly cache add   scope: null,
7 silly cache add   escapedName: null,
7 silly cache add   name: null,
7 silly cache add   rawSpec: '.',
7 silly cache add   spec: '/Users/tuechi/develop/react-native-player-lockscreen',
7 silly cache add   type: 'directory' }
8 verbose addLocalDirectory /Users/tuechi/.npm/react-native-player-lockscreen/0.0.1/package.tgz not in flight; packing
9 verbose correctMkdir /Users/tuechi/.npm correctMkdir not in flight; initializing
10 info lifecycle react-native-player-lockscreen@0.0.1~prepublish: react-native-player-lockscreen@0.0.1
11 silly lifecycle react-native-player-lockscreen@0.0.1~prepublish: no script for prepublish, continuing
12 info lifecycle react-native-player-lockscreen@0.0.1~prepare: react-native-player-lockscreen@0.0.1
13 silly lifecycle react-native-player-lockscreen@0.0.1~prepare: no script for prepare, continuing
14 verbose tar pack [ '/Users/tuechi/.npm/react-native-player-lockscreen/0.0.1/package.tgz',
14 verbose tar pack   '/Users/tuechi/develop/react-native-player-lockscreen' ]
15 verbose tarball /Users/tuechi/.npm/react-native-player-lockscreen/0.0.1/package.tgz
16 verbose folder /Users/tuechi/develop/react-native-player-lockscreen
17 verbose addLocalTarball adding from inside cache /Users/tuechi/.npm/react-native-player-lockscreen/0.0.1/package.tgz
18 verbose correctMkdir /Users/tuechi/.npm correctMkdir not in flight; initializing
19 silly cache afterAdd react-native-player-lockscreen@0.0.1
20 verbose afterAdd /Users/tuechi/.npm/react-native-player-lockscreen/0.0.1/package/package.json not in flight; writing
21 verbose correctMkdir /Users/tuechi/.npm correctMkdir not in flight; initializing
22 verbose afterAdd /Users/tuechi/.npm/react-native-player-lockscreen/0.0.1/package/package.json written
23 silly publish { name: 'react-native-player-lockscreen',
23 silly publish   version: '0.0.1',
23 silly publish   description: 'Adds play information to the lockscreen',
23 silly publish   keywords:
23 silly publish    [ 'react',
23 silly publish      'react-native',
23 silly publish      'remote controls',
23 silly publish      'lockscreen',
23 silly publish      'nowplaying',
23 silly publish      'MPNowPlayingInfoCenter' ],
23 silly publish   repository:
23 silly publish    { type: 'git',
23 silly publish      url: 'git+https://github.com/takuu/react-native-player-lockscreen.git' },
23 silly publish   author: { name: 'Taku Uechi' },
23 silly publish   peerDependencies: { 'react-native': '>=0.33.0' },
23 silly publish   rnpm: {},
23 silly publish   readme: 'react-native-player-lockscreen\n================================\n\nA react-native player lockscreen which works for iOS\n\nCurrently a placeholder',
23 silly publish   readmeFilename: 'README.md',
23 silly publish   gitHead: '329fa780b738a125756e8bcee562b8a78a3b6eda',
23 silly publish   bugs: { url: 'https://github.com/takuu/react-native-player-lockscreen/issues' },
23 silly publish   homepage: 'https://github.com/takuu/react-native-player-lockscreen#readme',
23 silly publish   _id: 'react-native-player-lockscreen@0.0.1',
23 silly publish   scripts: {},
23 silly publish   _shasum: 'ce66628fd7ee10b6af06ab317bf04c282c82a538',
23 silly publish   _from: '.' }
24 info lifecycle react-native-player-lockscreen@0.0.1~prepublishOnly: react-native-player-lockscreen@0.0.1
25 silly lifecycle react-native-player-lockscreen@0.0.1~prepublishOnly: no script for prepublishOnly, continuing
26 verbose getPublishConfig undefined
27 silly mapToRegistry name react-native-player-lockscreen
28 silly mapToRegistry using default registry
29 silly mapToRegistry registry https://registry.npmjs.org/
30 silly mapToRegistry data Result {
30 silly mapToRegistry   raw: 'react-native-player-lockscreen',
30 silly mapToRegistry   scope: null,
30 silly mapToRegistry   escapedName: 'react-native-player-lockscreen',
30 silly mapToRegistry   name: 'react-native-player-lockscreen',
30 silly mapToRegistry   rawSpec: '',
30 silly mapToRegistry   spec: 'latest',
30 silly mapToRegistry   type: 'tag' }
31 silly mapToRegistry uri https://registry.npmjs.org/react-native-player-lockscreen
32 verbose publish registryBase https://registry.npmjs.org/
33 silly publish uploading /Users/tuechi/.npm/react-native-player-lockscreen/0.0.1/package.tgz
34 verbose request uri https://registry.npmjs.org/react-native-player-lockscreen
35 verbose request sending authorization for write operation
36 info attempt registry request try #1 at 11:54:11 AM
37 verbose request using bearer token for auth
38 verbose request id 06644fcd471098ce
39 http request PUT https://registry.npmjs.org/react-native-player-lockscreen
40 http 403 https://registry.npmjs.org/react-native-player-lockscreen
41 verbose headers { 'content-type': 'application/json',
41 verbose headers   'cache-control': 'max-age=300',
41 verbose headers   'content-length': '95',
41 verbose headers   'accept-ranges': 'bytes',
41 verbose headers   date: 'Sat, 04 Feb 2017 19:54:12 GMT',
41 verbose headers   via: '1.1 varnish',
41 verbose headers   connection: 'keep-alive',
41 verbose headers   'x-served-by': 'cache-lax8637-LAX',
41 verbose headers   'x-cache': 'MISS',
41 verbose headers   'x-cache-hits': '0',
41 verbose headers   'x-timer': 'S1486238052.019580,VS0,VE169',
41 verbose headers   vary: 'Accept-Encoding' }
42 verbose request invalidating /Users/tuechi/.npm/registry.npmjs.org/react-native-player-lockscreen on PUT
43 error publish Failed PUT 403
44 verbose stack Error: "You cannot publish over the previously published version 0.0.1." : react-native-player-lockscreen
44 verbose stack     at makeError (/usr/local/lib/node_modules/npm/node_modules/npm-registry-client/lib/request.js:302:12)
44 verbose stack     at CachingRegistryClient.<anonymous> (/usr/local/lib/node_modules/npm/node_modules/npm-registry-client/lib/request.js:290:14)
44 verbose stack     at Request._callback (/usr/local/lib/node_modules/npm/node_modules/npm-registry-client/lib/request.js:210:14)
44 verbose stack     at Request.self.callback (/usr/local/lib/node_modules/npm/node_modules/request/request.js:186:22)
44 verbose stack     at emitTwo (events.js:106:13)
44 verbose stack     at Request.emit (events.js:191:7)
44 verbose stack     at Request.<anonymous> (/usr/local/lib/node_modules/npm/node_modules/request/request.js:1081:10)
44 verbose stack     at emitOne (events.js:96:13)
44 verbose stack     at Request.emit (events.js:188:7)
44 verbose stack     at IncomingMessage.<anonymous> (/usr/local/lib/node_modules/npm/node_modules/request/request.js:1001:12)
45 verbose statusCode 403
46 verbose pkgid react-native-player-lockscreen
47 verbose cwd /Users/tuechi/develop/react-native-player-lockscreen
48 error Darwin 16.3.0
49 error argv "/usr/local/bin/node" "/usr/local/bin/npm" "publish"
50 error node v7.4.0
51 error npm  v4.0.5
52 error code E403
53 error "You cannot publish over the previously published version 0.0.1." : react-native-player-lockscreen
54 error If you need help, you may report this error at:
54 error     <https://github.com/npm/npm/issues>
55 verbose exit [ 1, true ]
